nohup: ignoring input

Processing runDataDiMuonPeriodA.C...
Info in <TUnixSystem::ACLiC>: creating shared library /home/jalmond/HN_code/CMSSW_5_3_7_patch4/src/LQanalyzer/src/./Reweight_cc.so
In file included from /home/jalmond/HN_code/CMSSW_5_3_7_patch4/src/LQanalyzer/src/Reweight_cc_ACLiC_dict.h:34,
                 from /home/jalmond/HN_code/CMSSW_5_3_7_patch4/src/LQanalyzer/src/Reweight_cc_ACLiC_dict.cxx:17:
/home/jalmond/HN_code/CMSSW_5_3_7_patch4/src/LQanalyzer/src/./Reweight.cc: In constructor ‘ReweightPU::ReweightPU(TString)’:
/home/jalmond/HN_code/CMSSW_5_3_7_patch4/src/LQanalyzer/src/./Reweight.cc:16: error: ‘a’ was not declared in this scope
/home/jalmond/HN_code/CMSSW_5_3_7_patch4/src/LQanalyzer/src/./Reweight.cc:17: error: expected ‘;’ before ‘fileData_’
g++: /home/jalmond/HN_code/CMSSW_5_3_7_patch4/src/LQanalyzer/src/Reweight_cc_ACLiC_dict.o: No such file or directory
Error in <ACLiC>: Compilation failed!
Info in <TUnixSystem::ACLiC>: creating shared library /home/jalmond/HN_code/CMSSW_5_3_7_patch4/src/LQanalyzer/src/./Analyzer_cc.so
In file included from /home/jalmond/HN_code/CMSSW_5_3_7_patch4/src/LQanalyzer/scripts/../include/Analyzer.h:16,
                 from /home/jalmond/HN_code/CMSSW_5_3_7_patch4/src/LQanalyzer/src/./Analyzer.cc:1,
                 from /home/jalmond/HN_code/CMSSW_5_3_7_patch4/src/LQanalyzer/src/Analyzer_cc_ACLiC_dict.h:34,
                 from /home/jalmond/HN_code/CMSSW_5_3_7_patch4/src/LQanalyzer/src/Analyzer_cc_ACLiC_dict.cxx:17:
/home/jalmond/HN_code/CMSSW_5_3_7_patch4/src/LQanalyzer/src/Reweight.cc: In constructor ‘ReweightPU::ReweightPU(TString)’:
/home/jalmond/HN_code/CMSSW_5_3_7_patch4/src/LQanalyzer/src/Reweight.cc:16: error: ‘a’ was not declared in this scope
/home/jalmond/HN_code/CMSSW_5_3_7_patch4/src/LQanalyzer/src/Reweight.cc:17: error: expected ‘;’ before ‘fileData_’
g++: /home/jalmond/HN_code/CMSSW_5_3_7_patch4/src/LQanalyzer/src/Analyzer_cc_ACLiC_dict.o: No such file or directory
Error in <ACLiC>: Compilation failed!
Info in <TUnixSystem::ACLiC>: creating shared library /home/jalmond/HN_code/CMSSW_5_3_7_patch4/src/LQanalyzer/src/./Analyzer_Ele_cc.so
In file included from /home/jalmond/HN_code/CMSSW_5_3_7_patch4/src/LQanalyzer/scripts/../include/Analyzer_Ele.h:16,
                 from /home/jalmond/HN_code/CMSSW_5_3_7_patch4/src/LQanalyzer/src/./Analyzer_Ele.cc:1,
                 from /home/jalmond/HN_code/CMSSW_5_3_7_patch4/src/LQanalyzer/src/Analyzer_Ele_cc_ACLiC_dict.h:34,
                 from /home/jalmond/HN_code/CMSSW_5_3_7_patch4/src/LQanalyzer/src/Analyzer_Ele_cc_ACLiC_dict.cxx:17:
/home/jalmond/HN_code/CMSSW_5_3_7_patch4/src/LQanalyzer/src/Reweight.cc: In constructor ‘ReweightPU::ReweightPU(TString)’:
/home/jalmond/HN_code/CMSSW_5_3_7_patch4/src/LQanalyzer/src/Reweight.cc:16: error: ‘a’ was not declared in this scope
/home/jalmond/HN_code/CMSSW_5_3_7_patch4/src/LQanalyzer/src/Reweight.cc:17: error: expected ‘;’ before ‘fileData_’
g++: /home/jalmond/HN_code/CMSSW_5_3_7_patch4/src/LQanalyzer/src/Analyzer_Ele_cc_ACLiC_dict.o: No such file or directory
Error in <ACLiC>: Compilation failed!
Info in <TUnixSystem::ACLiC>: creating shared library /home/jalmond/HN_code/CMSSW_5_3_7_patch4/src/LQanalyzer/src/./FakeRateCalculator_cc.so
In file included from /home/jalmond/HN_code/CMSSW_5_3_7_patch4/src/LQanalyzer/scripts/../include/Analyzer.h:16,
                 from /home/jalmond/HN_code/CMSSW_5_3_7_patch4/src/LQanalyzer/scripts/../include/FakeRateCalculator.h:4,
                 from /home/jalmond/HN_code/CMSSW_5_3_7_patch4/src/LQanalyzer/src/./FakeRateCalculator.cc:1,
                 from /home/jalmond/HN_code/CMSSW_5_3_7_patch4/src/LQanalyzer/src/FakeRateCalculator_cc_ACLiC_dict.h:34,
                 from /home/jalmond/HN_code/CMSSW_5_3_7_patch4/src/LQanalyzer/src/FakeRateCalculator_cc_ACLiC_dict.cxx:17:
/home/jalmond/HN_code/CMSSW_5_3_7_patch4/src/LQanalyzer/src/Reweight.cc: In constructor ‘ReweightPU::ReweightPU(TString)’:
/home/jalmond/HN_code/CMSSW_5_3_7_patch4/src/LQanalyzer/src/Reweight.cc:16: error: ‘a’ was not declared in this scope
/home/jalmond/HN_code/CMSSW_5_3_7_patch4/src/LQanalyzer/src/Reweight.cc:17: error: expected ‘;’ before ‘fileData_’
g++: /home/jalmond/HN_code/CMSSW_5_3_7_patch4/src/LQanalyzer/src/FakeRateCalculator_cc_ACLiC_dict.o: No such file or directory
Error in <ACLiC>: Compilation failed!
Info in <TUnixSystem::ACLiC>: creating shared library /home/jalmond/HN_code/CMSSW_5_3_7_patch4/src/LQanalyzer/src/./FakeRateCalculator_Ele_cc.so
In file included from /home/jalmond/HN_code/CMSSW_5_3_7_patch4/src/LQanalyzer/scripts/../include/Analyzer_Ele.h:16,
                 from /home/jalmond/HN_code/CMSSW_5_3_7_patch4/src/LQanalyzer/scripts/../include/FakeRateCalculator_Ele.h:4,
                 from /home/jalmond/HN_code/CMSSW_5_3_7_patch4/src/LQanalyzer/src/./FakeRateCalculator_Ele.cc:1,
                 from /home/jalmond/HN_code/CMSSW_5_3_7_patch4/src/LQanalyzer/src/FakeRateCalculator_Ele_cc_ACLiC_dict.h:34,
                 from /home/jalmond/HN_code/CMSSW_5_3_7_patch4/src/LQanalyzer/src/FakeRateCalculator_Ele_cc_ACLiC_dict.cxx:17:
/home/jalmond/HN_code/CMSSW_5_3_7_patch4/src/LQanalyzer/src/Reweight.cc: In constructor ‘ReweightPU::ReweightPU(TString)’:
/home/jalmond/HN_code/CMSSW_5_3_7_patch4/src/LQanalyzer/src/Reweight.cc:16: error: ‘a’ was not declared in this scope
/home/jalmond/HN_code/CMSSW_5_3_7_patch4/src/LQanalyzer/src/Reweight.cc:17: error: expected ‘;’ before ‘fileData_’
g++: /home/jalmond/HN_code/CMSSW_5_3_7_patch4/src/LQanalyzer/src/FakeRateCalculator_Ele_cc_ACLiC_dict.o: No such file or directory
Error in <ACLiC>: Compilation failed!
Info in <TUnixSystem::ACLiC>: creating shared library /home/jalmond/HN_code/CMSSW_5_3_7_patch4/src/LQanalyzer/src/./EfficiencyCalculator_cc.so
In file included from /home/jalmond/HN_code/CMSSW_5_3_7_patch4/src/LQanalyzer/scripts/../include/Analyzer.h:16,
                 from /home/jalmond/HN_code/CMSSW_5_3_7_patch4/src/LQanalyzer/scripts/../include/EfficiencyCalculator.h:4,
                 from /home/jalmond/HN_code/CMSSW_5_3_7_patch4/src/LQanalyzer/src/./EfficiencyCalculator.cc:1,
                 from /home/jalmond/HN_code/CMSSW_5_3_7_patch4/src/LQanalyzer/src/EfficiencyCalculator_cc_ACLiC_dict.h:34,
                 from /home/jalmond/HN_code/CMSSW_5_3_7_patch4/src/LQanalyzer/src/EfficiencyCalculator_cc_ACLiC_dict.cxx:17:
/home/jalmond/HN_code/CMSSW_5_3_7_patch4/src/LQanalyzer/src/Reweight.cc: In constructor ‘ReweightPU::ReweightPU(TString)’:
/home/jalmond/HN_code/CMSSW_5_3_7_patch4/src/LQanalyzer/src/Reweight.cc:16: error: ‘a’ was not declared in this scope
/home/jalmond/HN_code/CMSSW_5_3_7_patch4/src/LQanalyzer/src/Reweight.cc:17: error: expected ‘;’ before ‘fileData_’
g++: /home/jalmond/HN_code/CMSSW_5_3_7_patch4/src/LQanalyzer/src/EfficiencyCalculator_cc_ACLiC_dict.o: No such file or directory
Error in <ACLiC>: Compilation failed!
In ChainMaker
root file .txt list: input file stream bad? 0
Making TChain object with:
- /data/HN_data/Data/Data_doubleMuon/RootTupleMakerV2_output_DATA_Muon_periodA.root
Input sample contains 3934552 events 
Error: Invalid type 'Analyzer' in declaration of 'Pippo' /home/jalmond/HN_code/CMSSW_5_3_7_patch4/src/LQanalyzer/run/./runDataDiMuonPeriodA.C:82:
Error: Symbol Analyzer Pippo is not defined in current scope  /home/jalmond/HN_code/CMSSW_5_3_7_patch4/src/LQanalyzer/run/./runDataDiMuonPeriodA.C:82:
*** Interpreter error recovered ***
